# JRE version: OpenJDK Runtime Environment (8.0_242-b01) (build 1.8.0_242-release-1644-b01)
# Java VM: OpenJDK 64-Bit Server VM (25.242-b01 mixed mode windows-amd64 compressed oops)
Heap:
 PSYoungGen      total 332800K, used 132756K [0x00000000d5580000, 0x00000000ebc00000, 0x0000000100000000)
  eden space 314880K, 42% used [0x00000000d5580000,0x00000000dd7253c0,0x00000000e8900000)
  from space 17920K, 0% used [0x00000000ea200000,0x00000000ea200000,0x00000000eb380000)
  to   space 25600K, 0% used [0x00000000e8900000,0x00000000e8900000,0x00000000ea200000)
 ParOldGen       total 145920K, used 42574K [0x0000000080000000, 0x0000000088e80000, 0x00000000d5580000)
  object space 145920K, 29% used [0x0000000080000000,0x0000000082993a50,0x0000000088e80000)
 Metaspace       used 64631K, capacity 67426K, committed 67736K, reserved 1107968K
  class space    used 8904K, capacity 9542K, committed 9648K, reserved 1048576K
GC Heap History (10 events):
Event: 5.138 GC heap before
{Heap before GC invocations=7 (full 1):
 PSYoungGen      total 141824K, used 49335K [0x00000000d5580000, 0x00000000e4a80000, 0x0000000100000000)
  eden space 131072K, 29% used [0x00000000d5580000,0x00000000d7b2f1c8,0x00000000dd580000)
  from space 10752K, 99% used [0x00000000dd580000,0x00000000ddffeb90,0x00000000de000000)
  to   space 15872K, 0% used [0x00000000e3b00000,0x00000000e3b00000,0x00000000e4a80000)
 ParOldGen       total 93696K, used 11066K [0x0000000080000000, 0x0000000085b80000, 0x00000000d5580000)
  object space 93696K, 11% used [0x0000000080000000,0x0000000080aceb08,0x0000000085b80000)
 Metaspace       used 34275K, capacity 35444K, committed 35496K, reserved 1079296K
  class space    used 4725K, capacity 5033K, committed 5040K, reserved 1048576K
Event: 5.149 GC heap after
Heap after GC invocations=7 (full 1):
 PSYoungGen      total 235520K, used 9193K [0x00000000d5580000, 0x00000000e5000000, 0x0000000100000000)
  eden space 219648K, 0% used [0x00000000d5580000,0x00000000d5580000,0x00000000e2c00000)
  from space 15872K, 57% used [0x00000000e3b00000,0x00000000e43fa538,0x00000000e4a80000)
  to   space 15360K, 0% used [0x00000000e2c00000,0x00000000e2c00000,0x00000000e3b00000)
 ParOldGen       total 93696K, used 11074K [0x0000000080000000, 0x0000000085b80000, 0x00000000d5580000)
  object space 93696K, 11% used [0x0000000080000000,0x0000000080ad0b08,0x0000000085b80000)
 Metaspace       used 34275K, capacity 35444K, committed 35496K, reserved 1079296K
  class space    used 4725K, capacity 5033K, committed 5040K, reserved 1048576K
}
Event: 5.149 GC heap before
{Heap before GC invocations=8 (full 2):
 PSYoungGen      total 235520K, used 9193K [0x00000000d5580000, 0x00000000e5000000, 0x0000000100000000)
  eden space 219648K, 0% used [0x00000000d5580000,0x00000000d5580000,0x00000000e2c00000)
  from space 15872K, 57% used [0x00000000e3b00000,0x00000000e43fa538,0x00000000e4a80000)
  to   space 15360K, 0% used [0x00000000e2c00000,0x00000000e2c00000,0x00000000e3b00000)
 ParOldGen       total 93696K, used 11074K [0x0000000080000000, 0x0000000085b80000, 0x00000000d5580000)
  object space 93696K, 11% used [0x0000000080000000,0x0000000080ad0b08,0x0000000085b80000)
 Metaspace       used 34275K, capacity 35444K, committed 35496K, reserved 1079296K
  class space    used 4725K, capacity 5033K, committed 5040K, reserved 1048576K
Event: 5.212 GC heap after
Heap after GC invocations=8 (full 2):
 PSYoungGen      total 235520K, used 0K [0x00000000d5580000, 0x00000000e5000000, 0x0000000100000000)
  eden space 219648K, 0% used [0x00000000d5580000,0x00000000d5580000,0x00000000e2c00000)
  from space 15872K, 0% used [0x00000000e3b00000,0x00000000e3b00000,0x00000000e4a80000)
  to   space 15360K, 0% used [0x00000000e2c00000,0x00000000e2c00000,0x00000000e3b00000)
 ParOldGen       total 145920K, used 15646K [0x0000000080000000, 0x0000000088e80000, 0x00000000d5580000)
  object space 145920K, 10% used [0x0000000080000000,0x0000000080f47908,0x0000000088e80000)
 Metaspace       used 34275K, capacity 35444K, committed 35496K, reserved 1079296K
  class space    used 4725K, capacity 5033K, committed 5040K, reserved 1048576K
}
Event: 7.331 GC heap before
{Heap before GC invocations=9 (full 2):
 PSYoungGen      total 235520K, used 219648K [0x00000000d5580000, 0x00000000e5000000, 0x0000000100000000)
  eden space 219648K, 100% used [0x00000000d5580000,0x00000000e2c00000,0x00000000e2c00000)
  from space 15872K, 0% used [0x00000000e3b00000,0x00000000e3b00000,0x00000000e4a80000)
  to   space 15360K, 0% used [0x00000000e2c00000,0x00000000e2c00000,0x00000000e3b00000)
 ParOldGen       total 145920K, used 15646K [0x0000000080000000, 0x0000000088e80000, 0x00000000d5580000)
  object space 145920K, 10% used [0x0000000080000000,0x0000000080f47908,0x0000000088e80000)
 Metaspace       used 44811K, capacity 46710K, committed 47016K, reserved 1089536K
  class space    used 6080K, capacity 6499K, committed 6576K, reserved 1048576K
Event: 7.346 GC heap after
Heap after GC invocations=9 (full 2):
 PSYoungGen      total 235008K, used 15347K [0x00000000d5580000, 0x00000000eb380000, 0x0000000100000000)
  eden space 219648K, 0% used [0x00000000d5580000,0x00000000d5580000,0x00000000e2c00000)
  from space 15360K, 99% used [0x00000000e2c00000,0x00000000e3afcff8,0x00000000e3b00000)
  to   space 17920K, 0% used [0x00000000ea200000,0x00000000ea200000,0x00000000eb380000)
 ParOldGen       total 145920K, used 16677K [0x0000000080000000, 0x0000000088e80000, 0x00000000d5580000)
  object space 145920K, 11% used [0x0000000080000000,0x0000000081049750,0x0000000088e80000)
 Metaspace       used 44811K, capacity 46710K, committed 47016K, reserved 1089536K
  class space    used 6080K, capacity 6499K, committed 6576K, reserved 1048576K
}
Event: 9.709 GC heap before
{Heap before GC invocations=10 (full 2):
 PSYoungGen      total 235008K, used 180773K [0x00000000d5580000, 0x00000000eb380000, 0x0000000100000000)
  eden space 219648K, 75% used [0x00000000d5580000,0x00000000df70c7c0,0x00000000e2c00000)
  from space 15360K, 99% used [0x00000000e2c00000,0x00000000e3afcff8,0x00000000e3b00000)
  to   space 17920K, 0% used [0x00000000ea200000,0x00000000ea200000,0x00000000eb380000)
 ParOldGen       total 145920K, used 16677K [0x0000000080000000, 0x0000000088e80000, 0x00000000d5580000)
  object space 145920K, 11% used [0x0000000080000000,0x0000000081049750,0x0000000088e80000)
 Metaspace       used 56780K, capacity 59114K, committed 59160K, reserved 1099776K
  class space    used 7722K, capacity 8238K, committed 8240K, reserved 1048576K
Event: 9.733 GC heap after
Heap after GC invocations=10 (full 2):
 PSYoungGen      total 332800K, used 17908K [0x00000000d5580000, 0x00000000ebc00000, 0x0000000100000000)
  eden space 314880K, 0% used [0x00000000d5580000,0x00000000d5580000,0x00000000e8900000)
  from space 17920K, 99% used [0x00000000ea200000,0x00000000eb37d320,0x00000000eb380000)
  to   space 25600K, 0% used [0x00000000e8900000,0x00000000e8900000,0x00000000ea200000)
 ParOldGen       total 145920K, used 28517K [0x0000000080000000, 0x0000000088e80000, 0x00000000d5580000)
  object space 145920K, 19% used [0x0000000080000000,0x0000000081bd9478,0x0000000088e80000)
 Metaspace       used 56780K, capacity 59114K, committed 59160K, reserved 1099776K
  class space    used 7722K, capacity 8238K, committed 8240K, reserved 1048576K
}
Event: 9.733 GC heap before
{Heap before GC invocations=11 (full 3):
 PSYoungGen      total 332800K, used 17908K [0x00000000d5580000, 0x00000000ebc00000, 0x0000000100000000)
  eden space 314880K, 0% used [0x00000000d5580000,0x00000000d5580000,0x00000000e8900000)
  from space 17920K, 99% used [0x00000000ea200000,0x00000000eb37d320,0x00000000eb380000)
  to   space 25600K, 0% used [0x00000000e8900000,0x00000000e8900000,0x00000000ea200000)
 ParOldGen       total 145920K, used 28517K [0x0000000080000000, 0x0000000088e80000, 0x00000000d5580000)
  object space 145920K, 19% used [0x0000000080000000,0x0000000081bd9478,0x0000000088e80000)
 Metaspace       used 56780K, capacity 59114K, committed 59160K, reserved 1099776K
  class space    used 7722K, capacity 8238K, committed 8240K, reserved 1048576K
Event: 9.980 GC heap after
Heap after GC invocations=11 (full 3):
 PSYoungGen      total 332800K, used 0K [0x00000000d5580000, 0x00000000ebc00000, 0x0000000100000000)
  eden space 314880K, 0% used [0x00000000d5580000,0x00000000d5580000,0x00000000e8900000)
  from space 17920K, 0% used [0x00000000ea200000,0x00000000ea200000,0x00000000eb380000)
  to   space 25600K, 0% used [0x00000000e8900000,0x00000000e8900000,0x00000000ea200000)
 ParOldGen       total 145920K, used 42574K [0x0000000080000000, 0x0000000088e80000, 0x00000000d5580000)
  object space 145920K, 29% used [0x0000000080000000,0x0000000082993a50,0x0000000088e80000)
 Metaspace       used 56734K, capacity 58958K, committed 59160K, reserved 1099776K
  class space    used 7708K, capacity 8212K, committed 8240K, reserved 1048576K
}

