# JRE version: OpenJDK Runtime Environment (8.0_242-b01) (build 1.8.0_242-release-1644-b01)
# Java VM: OpenJDK 64-Bit Server VM (25.242-b01 mixed mode windows-amd64 compressed oops)
Heap:
 PSYoungGen      total 217088K, used 135482K [0x00000000d5580000, 0x00000000e6080000, 0x0000000100000000)
  eden space 198656K, 68% used [0x00000000d5580000,0x00000000dd9ce908,0x00000000e1780000)
  from space 18432K, 0% used [0x00000000e2c80000,0x00000000e2c80000,0x00000000e3e80000)
  to   space 21504K, 0% used [0x00000000e1780000,0x00000000e1780000,0x00000000e2c80000)
 ParOldGen       total 225280K, used 37943K [0x0000000080000000, 0x000000008dc00000, 0x00000000d5580000)
  object space 225280K, 16% used [0x0000000080000000,0x000000008250dea8,0x000000008dc00000)
 Metaspace       used 65074K, capacity 67916K, committed 67992K, reserved 1107968K
  class space    used 8989K, capacity 9593K, committed 9648K, reserved 1048576K
GC Heap History (10 events):
Event: 4.827 GC heap before
{Heap before GC invocations=9 (full 2):
 PSYoungGen      total 120320K, used 9273K [0x00000000d5580000, 0x00000000e1e00000, 0x0000000100000000)
  eden space 108032K, 0% used [0x00000000d5580000,0x00000000d5580000,0x00000000dbf00000)
  from space 12288K, 75% used [0x00000000dbf00000,0x00000000dc80e528,0x00000000dcb00000)
  to   space 11776K, 0% used [0x00000000e1280000,0x00000000e1280000,0x00000000e1e00000)
 ParOldGen       total 93696K, used 7276K [0x0000000080000000, 0x0000000085b80000, 0x00000000d5580000)
  object space 93696K, 7% used [0x0000000080000000,0x000000008071b0e0,0x0000000085b80000)
 Metaspace       used 34288K, capacity 35428K, committed 35496K, reserved 1079296K
  class space    used 4725K, capacity 5033K, committed 5040K, reserved 1048576K
Event: 4.872 GC heap after
Heap after GC invocations=9 (full 2):
 PSYoungGen      total 120320K, used 0K [0x00000000d5580000, 0x00000000e1e00000, 0x0000000100000000)
  eden space 108032K, 0% used [0x00000000d5580000,0x00000000d5580000,0x00000000dbf00000)
  from space 12288K, 0% used [0x00000000dbf00000,0x00000000dbf00000,0x00000000dcb00000)
  to   space 11776K, 0% used [0x00000000e1280000,0x00000000e1280000,0x00000000e1e00000)
 ParOldGen       total 144384K, used 15637K [0x0000000080000000, 0x0000000088d00000, 0x00000000d5580000)
  object space 144384K, 10% used [0x0000000080000000,0x0000000080f45610,0x0000000088d00000)
 Metaspace       used 34288K, capacity 35428K, committed 35496K, reserved 1079296K
  class space    used 4725K, capacity 5033K, committed 5040K, reserved 1048576K
}
Event: 5.581 GC heap before
{Heap before GC invocations=10 (full 2):
 PSYoungGen      total 120320K, used 108032K [0x00000000d5580000, 0x00000000e1e00000, 0x0000000100000000)
  eden space 108032K, 100% used [0x00000000d5580000,0x00000000dbf00000,0x00000000dbf00000)
  from space 12288K, 0% used [0x00000000dbf00000,0x00000000dbf00000,0x00000000dcb00000)
  to   space 11776K, 0% used [0x00000000e1280000,0x00000000e1280000,0x00000000e1e00000)
 ParOldGen       total 144384K, used 15637K [0x0000000080000000, 0x0000000088d00000, 0x00000000d5580000)
  object space 144384K, 10% used [0x0000000080000000,0x0000000080f45610,0x0000000088d00000)
 Metaspace       used 37148K, capacity 38814K, committed 39080K, reserved 1083392K
  class space    used 5126K, capacity 5512K, committed 5552K, reserved 1048576K
Event: 5.587 GC heap after
Heap after GC invocations=10 (full 2):
 PSYoungGen      total 167936K, used 8238K [0x00000000d5580000, 0x00000000e1b00000, 0x0000000100000000)
  eden space 159232K, 0% used [0x00000000d5580000,0x00000000d5580000,0x00000000df100000)
  from space 8704K, 94% used [0x00000000e1280000,0x00000000e1a8bb80,0x00000000e1b00000)
  to   space 11776K, 0% used [0x00000000e0400000,0x00000000e0400000,0x00000000e0f80000)
 ParOldGen       total 144384K, used 15645K [0x0000000080000000, 0x0000000088d00000, 0x00000000d5580000)
  object space 144384K, 10% used [0x0000000080000000,0x0000000080f47610,0x0000000088d00000)
 Metaspace       used 37148K, capacity 38814K, committed 39080K, reserved 1083392K
  class space    used 5126K, capacity 5512K, committed 5552K, reserved 1048576K
}
Event: 7.334 GC heap before
{Heap before GC invocations=11 (full 2):
 PSYoungGen      total 167936K, used 167470K [0x00000000d5580000, 0x00000000e1b00000, 0x0000000100000000)
  eden space 159232K, 100% used [0x00000000d5580000,0x00000000df100000,0x00000000df100000)
  from space 8704K, 94% used [0x00000000e1280000,0x00000000e1a8bb80,0x00000000e1b00000)
  to   space 11776K, 0% used [0x00000000e0400000,0x00000000e0400000,0x00000000e0f80000)
 ParOldGen       total 144384K, used 15645K [0x0000000080000000, 0x0000000088d00000, 0x00000000d5580000)
  object space 144384K, 10% used [0x0000000080000000,0x0000000080f47610,0x0000000088d00000)
 Metaspace       used 52487K, capacity 54634K, committed 54952K, reserved 1097728K
  class space    used 7001K, capacity 7523K, committed 7600K, reserved 1048576K
Event: 7.350 GC heap after
Heap after GC invocations=11 (full 2):
 PSYoungGen      total 190464K, used 11748K [0x00000000d5580000, 0x00000000e3e80000, 0x0000000100000000)
  eden space 178688K, 0% used [0x00000000d5580000,0x00000000d5580000,0x00000000e0400000)
  from space 11776K, 99% used [0x00000000e0400000,0x00000000e0f79310,0x00000000e0f80000)
  to   space 18432K, 0% used [0x00000000e2c80000,0x00000000e2c80000,0x00000000e3e80000)
 ParOldGen       total 144384K, used 29408K [0x0000000080000000, 0x0000000088d00000, 0x00000000d5580000)
  object space 144384K, 20% used [0x0000000080000000,0x0000000081cb8340,0x0000000088d00000)
 Metaspace       used 52487K, capacity 54634K, committed 54952K, reserved 1097728K
  class space    used 7001K, capacity 7523K, committed 7600K, reserved 1048576K
}
Event: 8.021 GC heap before
{Heap before GC invocations=12 (full 2):
 PSYoungGen      total 190464K, used 82588K [0x00000000d5580000, 0x00000000e3e80000, 0x0000000100000000)
  eden space 178688K, 39% used [0x00000000d5580000,0x00000000d9aadf10,0x00000000e0400000)
  from space 11776K, 99% used [0x00000000e0400000,0x00000000e0f79310,0x00000000e0f80000)
  to   space 18432K, 0% used [0x00000000e2c80000,0x00000000e2c80000,0x00000000e3e80000)
 ParOldGen       total 144384K, used 29408K [0x0000000080000000, 0x0000000088d00000, 0x00000000d5580000)
  object space 144384K, 20% used [0x0000000080000000,0x0000000081cb8340,0x0000000088d00000)
 Metaspace       used 56796K, capacity 59108K, committed 59160K, reserved 1099776K
  class space    used 7715K, capacity 8229K, committed 8240K, reserved 1048576K
Event: 8.039 GC heap after
Heap after GC invocations=12 (full 2):
 PSYoungGen      total 217088K, used 18431K [0x00000000d5580000, 0x00000000e6080000, 0x0000000100000000)
  eden space 198656K, 0% used [0x00000000d5580000,0x00000000d5580000,0x00000000e1780000)
  from space 18432K, 99% used [0x00000000e2c80000,0x00000000e3e7fe70,0x00000000e3e80000)
  to   space 21504K, 0% used [0x00000000e1780000,0x00000000e1780000,0x00000000e2c80000)
 ParOldGen       total 144384K, used 32729K [0x0000000080000000, 0x0000000088d00000, 0x00000000d5580000)
  object space 144384K, 22% used [0x0000000080000000,0x0000000081ff64f8,0x0000000088d00000)
 Metaspace       used 56796K, capacity 59108K, committed 59160K, reserved 1099776K
  class space    used 7715K, capacity 8229K, committed 8240K, reserved 1048576K
}
Event: 8.039 GC heap before
{Heap before GC invocations=13 (full 3):
 PSYoungGen      total 217088K, used 18431K [0x00000000d5580000, 0x00000000e6080000, 0x0000000100000000)
  eden space 198656K, 0% used [0x00000000d5580000,0x00000000d5580000,0x00000000e1780000)
  from space 18432K, 99% used [0x00000000e2c80000,0x00000000e3e7fe70,0x00000000e3e80000)
  to   space 21504K, 0% used [0x00000000e1780000,0x00000000e1780000,0x00000000e2c80000)
 ParOldGen       total 144384K, used 32729K [0x0000000080000000, 0x0000000088d00000, 0x00000000d5580000)
  object space 144384K, 22% used [0x0000000080000000,0x0000000081ff64f8,0x0000000088d00000)
 Metaspace       used 56796K, capacity 59108K, committed 59160K, reserved 1099776K
  class space    used 7715K, capacity 8229K, committed 8240K, reserved 1048576K
Event: 8.295 GC heap after
Heap after GC invocations=13 (full 3):
 PSYoungGen      total 217088K, used 0K [0x00000000d5580000, 0x00000000e6080000, 0x0000000100000000)
  eden space 198656K, 0% used [0x00000000d5580000,0x00000000d5580000,0x00000000e1780000)
  from space 18432K, 0% used [0x00000000e2c80000,0x00000000e2c80000,0x00000000e3e80000)
  to   space 21504K, 0% used [0x00000000e1780000,0x00000000e1780000,0x00000000e2c80000)
 ParOldGen       total 225280K, used 37943K [0x0000000080000000, 0x000000008dc00000, 0x00000000d5580000)
  object space 225280K, 16% used [0x0000000080000000,0x000000008250dea8,0x000000008dc00000)
 Metaspace       used 56766K, capacity 59006K, committed 59160K, reserved 1099776K
  class space    used 7706K, capacity 8212K, committed 8240K, reserved 1048576K
}

